<?xml version="1.0" encoding="UTF-8"?>
<testsuite xmlns:xsi="http://www.w3.org/2001/XMLSchema-instance" xsi:noNamespaceSchemaLocation="https://maven.apache.org/surefire/maven-surefire-plugin/xsd/surefire-test-report-3.0.xsd" version="3.0" name="de.x132.objectmerger.service.ObjectMergerServiceIntegrationTest" time="0.483" tests="4" errors="0" skipped="0" failures="0">
  <properties>
[...]
</properties>
  <testcase name="testMergeWithEmptySources" classname="de.x132.objectmerger.service.ObjectMergerServiceIntegrationTest" time="0.005">
    <system-out><![CDATA[2026-01-07T20:04:00.381+01:00  INFO 344028 --- [objectmerger-spring-boot] [           main] t.c.s.AnnotationConfigContextLoaderUtils : Could not detect default configuration classes for test class [de.x132.objectmerger.service.ObjectMergerServiceIntegrationTest]: ObjectMergerServiceIntegrationTest does not declare any static, non-private, non-final, nested classes annotated with @Configuration.
2026-01-07T20:04:00.390+01:00  INFO 344028 --- [objectmerger-spring-boot] [           main] .b.t.c.SpringBootTestContextBootstrapper : Found @SpringBootConfiguration de.x132.objectmerger.ObjectMergerApplication for test class de.x132.objectmerger.service.ObjectMergerServiceIntegrationTest

  .   ____          _            __ _ _
 /\\ / ___'_ __ _ _(_)_ __  __ _ \ \ \ \
( ( )\___ | '_ | '_| | '_ \/ _` | \ \ \ \
 \\/  ___)| |_)| | | | | || (_| |  ) ) ) )
  '  |____| .__|_| |_|_| |_\__, | / / / /
 =========|_|==============|___/=/_/_/_/
 :: Spring Boot ::                (v3.2.1)

2026-01-07T20:04:00.430+01:00  INFO 344028 --- [objectmerger-spring-boot] [           main] x.o.s.ObjectMergerServiceIntegrationTest : Starting ObjectMergerServiceIntegrationTest using Java 21.0.9 with PID 344028 (started by max in /home/max/Dokumente/Projects/09_ObjectMerger/examples/objectmerger-spring-boot)
2026-01-07T20:04:00.430+01:00  INFO 344028 --- [objectmerger-spring-boot] [           main] x.o.s.ObjectMergerServiceIntegrationTest : No active profile set, falling back to 1 default profile: "default"
2026-01-07T20:04:00.836+01:00  INFO 344028 --- [objectmerger-spring-boot] [           main] x.o.s.ObjectMergerServiceIntegrationTest : Started ObjectMergerServiceIntegrationTest in 0.44 seconds (process running for 4.874)
]]></system-out>
  </testcase>
  <testcase name="testMergePerson" classname="de.x132.objectmerger.service.ObjectMergerServiceIntegrationTest" time="0.004"/>
  <testcase name="testMergeWithInvalidClass" classname="de.x132.objectmerger.service.ObjectMergerServiceIntegrationTest" time="0.005"/>
  <testcase name="testMergeWithSingleSource" classname="de.x132.objectmerger.service.ObjectMergerServiceIntegrationTest" time="0.004"/>
</testsuite>