<?xml version="1.0" encoding="UTF-8"?>
<testsuite xmlns:xsi="http://www.w3.org/2001/XMLSchema-instance" xsi:noNamespaceSchemaLocation="https://maven.apache.org/surefire/maven-surefire-plugin/xsd/surefire-test-report-3.0.xsd" version="3.0" name="de.x132.strategy.MaximumValueStrategyTest" time="0.034" tests="6" errors="0" skipped="0" failures="0">
  <properties>
[...]
</properties>
  <testcase name="testMergeMixedValues" classname="de.x132.strategy.MaximumValueStrategyTest" time="0.005"/>
  <testcase name="testMergeWithEmptySources" classname="de.x132.strategy.MaximumValueStrategyTest" time="0.003"/>
  <testcase name="testMergeFiltersNullValues" classname="de.x132.strategy.MaximumValueStrategyTest" time="0.005"/>
  <testcase name="testMergeReturnsDefaultValueWhenAllNull" classname="de.x132.strategy.MaximumValueStrategyTest" time="0.005"/>
  <testcase name="testMergeReturnsMaximumValue" classname="de.x132.strategy.MaximumValueStrategyTest" time="0.006"/>
  <testcase name="testMergeWithSingleSource" classname="de.x132.strategy.MaximumValueStrategyTest" time="0.004"/>
</testsuite>