<?xml version="1.0" encoding="UTF-8"?>
<testsuite xmlns:xsi="http://www.w3.org/2001/XMLSchema-instance" xsi:noNamespaceSchemaLocation="https://maven.apache.org/surefire/maven-surefire-plugin/xsd/surefire-test-report-3.0.xsd" version="3.0" name="de.x132.objectmerger.controller.MergeControllerIntegrationTest" time="3.83" tests="10" errors="0" skipped="0" failures="0">
  <properties>
[...]
</properties>
  <testcase name="testMergeWithMinimumStrategy" classname="de.x132.objectmerger.controller.MergeControllerIntegrationTest" time="1.187">
    <system-out><![CDATA[20:22:19.595 [main] INFO org.springframework.test.context.support.AnnotationConfigContextLoaderUtils -- Could not detect default configuration classes for test class [de.x132.objectmerger.controller.MergeControllerIntegrationTest]: MergeControllerIntegrationTest does not declare any static, non-private, non-final, nested classes annotated with @Configuration.
20:22:19.776 [main] INFO org.springframework.boot.test.context.SpringBootTestContextBootstrapper -- Found @SpringBootConfiguration de.x132.objectmerger.ObjectMergerApplication for test class de.x132.objectmerger.controller.MergeControllerIntegrationTest

  .   ____          _            __ _ _
 /\\ / ___'_ __ _ _(_)_ __  __ _ \ \ \ \
( ( )\___ | '_ | '_| | '_ \/ _` | \ \ \ \
 \\/  ___)| |_)| | | | | || (_| |  ) ) ) )
  '  |____| .__|_| |_|_| |_\__, | / / / /
 =========|_|==============|___/=/_/_/_/
 :: Spring Boot ::                (v3.2.1)

2026-01-07T20:22:20.192+01:00  INFO 349508 --- [objectmerger-spring-boot] [           main] d.x.o.c.MergeControllerIntegrationTest   : Starting MergeControllerIntegrationTest using Java 21.0.9 with PID 349508 (started by max in /home/max/Dokumente/Projects/09_ObjectMerger/objectmerger-spring-boot)
2026-01-07T20:22:20.194+01:00  INFO 349508 --- [objectmerger-spring-boot] [           main] d.x.o.c.MergeControllerIntegrationTest   : No active profile set, falling back to 1 default profile: "default"
2026-01-07T20:22:21.886+01:00  INFO 349508 --- [objectmerger-spring-boot] [           main] o.s.b.t.m.w.SpringBootMockServletContext : Initializing Spring TestDispatcherServlet ''
2026-01-07T20:22:21.887+01:00  INFO 349508 --- [objectmerger-spring-boot] [           main] o.s.t.web.servlet.TestDispatcherServlet  : Initializing Servlet ''
2026-01-07T20:22:21.890+01:00  INFO 349508 --- [objectmerger-spring-boot] [           main] o.s.t.web.servlet.TestDispatcherServlet  : Completed initialization in 1 ms
2026-01-07T20:22:21.920+01:00  INFO 349508 --- [objectmerger-spring-boot] [           main] d.x.o.c.MergeControllerIntegrationTest   : Started MergeControllerIntegrationTest in 2.006 seconds (process running for 3.291)
]]></system-out>
    <system-err><![CDATA[WARNING: A Java agent has been loaded dynamically (/home/max/.m2/repository/net/bytebuddy/byte-buddy-agent/1.14.10/byte-buddy-agent-1.14.10.jar)
WARNING: If a serviceability tool is in use, please run with -XX:+EnableDynamicAgentLoading to hide this warning
WARNING: If a serviceability tool is not in use, please run with -Djdk.instrument.traceUsage for more information
WARNING: Dynamic loading of agents will be disallowed by default in a future release
]]></system-err>
  </testcase>
  <testcase name="testHealthEndpoint" classname="de.x132.objectmerger.controller.MergeControllerIntegrationTest" time="0.008"/>
  <testcase name="testMergeWithAverageStrategy" classname="de.x132.objectmerger.controller.MergeControllerIntegrationTest" time="0.012"/>
  <testcase name="testMergeWithMaximumStrategy" classname="de.x132.objectmerger.controller.MergeControllerIntegrationTest" time="0.009"/>
  <testcase name="testMergeWithPriorityStrategy" classname="de.x132.objectmerger.controller.MergeControllerIntegrationTest" time="0.009"/>
  <testcase name="testExampleEndpoint" classname="de.x132.objectmerger.controller.MergeControllerIntegrationTest" time="0.007"/>
  <testcase name="testMergeWithInvalidTargetClass" classname="de.x132.objectmerger.controller.MergeControllerIntegrationTest" time="0.012"/>
  <testcase name="testMergeWithSumStrategy" classname="de.x132.objectmerger.controller.MergeControllerIntegrationTest" time="0.007"/>
  <testcase name="testMergeWithNullValues" classname="de.x132.objectmerger.controller.MergeControllerIntegrationTest" time="0.007"/>
  <testcase name="testMergeWithComplexPriority" classname="de.x132.objectmerger.controller.MergeControllerIntegrationTest" time="0.007"/>
</testsuite>